<?xml version="1.0" encoding="UTF-8"?>
<!-- Generated by org.testng.reporters.JUnitReportReporter -->
<testsuite hostname="DESKTOP-JIECLUC" failures="0" tests="3" name="com.sevenrmartsupermarket.tests.AdminUsersTest" time="17.853" errors="0" timestamp="2024-10-02T15:25:12 IST" skipped="0">
  <testcase classname="com.sevenrmartsupermarket.tests.AdminUsersTest" name="verifyNewAdminUser" time="6.716"/>
  <testcase classname="com.sevenrmartsupermarket.tests.AdminUsersTest" name="verifyNewAdminUser" time="5.690"/>
  <testcase classname="com.sevenrmartsupermarket.tests.AdminUsersTest" name="verifyNewAdminUser" time="5.447"/>
</testsuite> <!-- com.sevenrmartsupermarket.tests.AdminUsersTest -->
