<?xml version="1.0" encoding="UTF-8"?>
<!-- Generated by org.testng.reporters.JUnitReportReporter -->
<testsuite hostname="DESKTOP-JIECLUC" failures="0" tests="3" name="com.sevenrmartsupermarket.tests.SubCategoryTest" time="17.693" errors="0" timestamp="2024-10-01T17:18:36 IST" skipped="0">
  <testcase classname="com.sevenrmartsupermarket.tests.SubCategoryTest" name="verifyDeleteAlertMessage" time="3.938"/>
  <testcase classname="com.sevenrmartsupermarket.tests.SubCategoryTest" name="verifySubCategorySearch" time="4.802"/>
  <testcase classname="com.sevenrmartsupermarket.tests.SubCategoryTest" name="verifyNewSubCategoryTitle" time="8.953"/>
</testsuite> <!-- com.sevenrmartsupermarket.tests.SubCategoryTest -->
