<?xml version="1.0" encoding="UTF-8"?>
<!-- Generated by org.testng.reporters.JUnitReportReporter -->
<testsuite hostname="DESKTOP-JIECLUC" failures="0" tests="6" name="com.sevenrmartsupermarket.tests.HomeTest" time="24.261" errors="0" timestamp="2024-10-01T17:18:36 IST" skipped="0">
  <testcase classname="com.sevenrmartsupermarket.tests.HomeTest" name="verifyProfileName" time="3.408"/>
  <testcase classname="com.sevenrmartsupermarket.tests.HomeTest" name="verifyAdminUsersCard" time="4.999"/>
  <testcase classname="com.sevenrmartsupermarket.tests.HomeTest" name="verifyWesiteNameOfCategoryCard" time="4.136"/>
  <testcase classname="com.sevenrmartsupermarket.tests.HomeTest" name="verifyStyleOfwebsiteName" time="3.516"/>
  <testcase classname="com.sevenrmartsupermarket.tests.HomeTest" name="verifyAllCardNames" time="3.897"/>
  <testcase classname="com.sevenrmartsupermarket.tests.HomeTest" name="verifyTitleOfSubCategoryCard" time="4.305"/>
</testsuite> <!-- com.sevenrmartsupermarket.tests.HomeTest -->
