<?xml version="1.0" encoding="UTF-8"?>
<!-- Generated by org.testng.reporters.JUnitReportReporter -->
<testsuite hostname="DESKTOP-JIECLUC" failures="0" tests="3" name="com.sevenrmartsupermarket.tests.LoginTest" time="14.457" errors="0" timestamp="2024-10-01T17:18:36 IST" skipped="0">
  <testcase classname="com.sevenrmartsupermarket.tests.LoginTest" name="verifyAdminLogin" time="4.390"/>
  <testcase classname="com.sevenrmartsupermarket.tests.LoginTest" name="verifyLoginWithMutipleUsers" time="6.454"/>
  <testcase classname="com.sevenrmartsupermarket.tests.LoginTest" name="verifyLoginWithMutipleUsers" time="3.613"/>
</testsuite> <!-- com.sevenrmartsupermarket.tests.LoginTest -->
