<?xml version="1.0" encoding="UTF-8"?>
<!-- Generated by org.testng.reporters.JUnitReportReporter -->
<testsuite hostname="DESKTOP-JIECLUC" failures="0" tests="1" name="com.sevenrmartsupermarket.tests.CategoryTest" time="15.365" errors="0" timestamp="2024-10-01T21:10:02 IST" skipped="0">
  <testcase classname="com.sevenrmartsupermarket.tests.CategoryTest" name="verifyEditCategoryAlertMessage" time="15.365"/>
</testsuite> <!-- com.sevenrmartsupermarket.tests.CategoryTest -->
