<?xml version="1.0" encoding="UTF-8"?>
<!-- Generated by org.testng.reporters.JUnitReportReporter -->
<testsuite hostname="DESKTOP-JIECLUC" failures="0" tests="1" name="com.sevenrmartsupermarket.tests.SubCategoryTest" time="11.803" errors="0" timestamp="2024-10-03T19:56:57 IST" skipped="0">
  <testcase classname="com.sevenrmartsupermarket.tests.SubCategoryTest" name="verifyAlertMessageWhileDeletion" time="11.803"/>
</testsuite> <!-- com.sevenrmartsupermarket.tests.SubCategoryTest -->
