<?xml version="1.0" encoding="UTF-8"?>
<!-- Generated by org.testng.reporters.JUnitReportReporter -->
<testsuite hostname="DESKTOP-JIECLUC" failures="0" tests="3" name="com.sevenrmartsupermarket.tests.CategoryTest" time="25.851" errors="0" timestamp="2024-10-01T17:18:36 IST" skipped="0">
  <testcase classname="com.sevenrmartsupermarket.tests.CategoryTest" name="verifyColorOfResetButton" time="5.025"/>
  <testcase classname="com.sevenrmartsupermarket.tests.CategoryTest" name="verifyListCategorySearch" time="4.835"/>
  <testcase classname="com.sevenrmartsupermarket.tests.CategoryTest" name="verifyEditCategoryAlertMessage" time="15.991"/>
</testsuite> <!-- com.sevenrmartsupermarket.tests.CategoryTest -->
