<?xml version="1.0" encoding="UTF-8"?>
<!-- Generated by org.testng.reporters.JUnitReportReporter -->
<testsuite hostname="DESKTOP-JIECLUC" failures="0" tests="1" name="com.sevenrmartsupermarket.tests.SubCategoryTest" time="7.552" errors="0" timestamp="2024-10-01T21:27:45 IST" skipped="0">
  <testcase classname="com.sevenrmartsupermarket.tests.SubCategoryTest" name="verifyDeleteAlertMessage" time="7.552"/>
</testsuite> <!-- com.sevenrmartsupermarket.tests.SubCategoryTest -->
