<?xml version="1.0" encoding="UTF-8"?>
<!-- Generated by org.testng.reporters.JUnitReportReporter -->
<testsuite hostname="DESKTOP-JIECLUC" failures="0" tests="7" name="com.sevenrmartsupermarket.tests.AdminUsersTest" time="35.194" errors="0" timestamp="2024-10-01T17:18:36 IST" skipped="0">
  <testcase classname="com.sevenrmartsupermarket.tests.AdminUsersTest" name="verifyNewAdminUser" time="5.785"/>
  <testcase classname="com.sevenrmartsupermarket.tests.AdminUsersTest" name="verifyColorOfNewButton" time="4.281"/>
  <testcase classname="com.sevenrmartsupermarket.tests.AdminUsersTest" name="verifyNewAdminUser" time="5.559"/>
  <testcase classname="com.sevenrmartsupermarket.tests.AdminUsersTest" name="verifyTextOfSearchButton" time="4.381"/>
  <testcase classname="com.sevenrmartsupermarket.tests.AdminUsersTest" name="verifyAdminSearch" time="4.878"/>
  <testcase classname="com.sevenrmartsupermarket.tests.AdminUsersTest" name="verifyHeaderOfTable" time="4.705"/>
  <testcase classname="com.sevenrmartsupermarket.tests.AdminUsersTest" name="verifyNewAdminUser" time="5.605"/>
</testsuite> <!-- com.sevenrmartsupermarket.tests.AdminUsersTest -->
