<?xml version="1.0" encoding="UTF-8"?>
<!-- Generated by org.testng.reporters.JUnitReportReporter -->
<testsuite hostname="DESKTOP-JIECLUC" failures="0" tests="1" name="com.sevenrmartsupermarket.tests.CategoryTest" time="11.098" errors="0" timestamp="2024-10-02T15:12:13 IST" skipped="0">
  <testcase classname="com.sevenrmartsupermarket.tests.CategoryTest" name="verifyAlertMessageWhileEditCategory" time="11.098"/>
</testsuite> <!-- com.sevenrmartsupermarket.tests.CategoryTest -->
